<?xml version="1.0" encoding="UTF-8"?>
<!-- Generated by org.testng.reporters.JUnitReportReporter -->
<testsuite hostname="LAPTOP-1UNI7991" name="com.qa.hubspot.tests.LoginPageTest" tests="11" failures="0" timestamp="15 Mar 2020 09:28:12 GMT" time="17.524" errors="0">
  <testcase name="verifyDontHaveAccountLabelTest" time="0.088" classname="com.qa.hubspot.tests.LoginPageTest"/>
  <testcase name="verifySSOLinkTest" time="0.097" classname="com.qa.hubspot.tests.LoginPageTest"/>
  <testcase name="verifySignInWithGoogleLinkTest" time="0.152" classname="com.qa.hubspot.tests.LoginPageTest"/>
  <testcase name="verifyShowPasswordLinkTest" time="0.421" classname="com.qa.hubspot.tests.LoginPageTest"/>
  <testcase name="verifyLoginPageTitleTest" time="0.019" classname="com.qa.hubspot.tests.LoginPageTest"/>
  <testcase name="verifyForgotPasswordLinkTest" time="0.157" classname="com.qa.hubspot.tests.LoginPageTest"/>
  <testcase name="verifySignUpLinkTest" time="7.233" classname="com.qa.hubspot.tests.LoginPageTest"/>
  <testcase name="verifyloginTest" time="8.759" classname="com.qa.hubspot.tests.LoginPageTest"/>
  <testcase name="verifyCopyRightInfoTest" time="0.043" classname="com.qa.hubspot.tests.LoginPageTest"/>
  <testcase name="verifyPasswordIsMasked" time="0.073" classname="com.qa.hubspot.tests.LoginPageTest"/>
  <testcase name="verifyHidePasswordLinkTest" time="0.482" classname="com.qa.hubspot.tests.LoginPageTest"/>
</testsuite> <!-- com.qa.hubspot.tests.LoginPageTest -->
