<?xml version="1.0" encoding="UTF-8"?>
<!-- Generated by org.testng.reporters.JUnitReportReporter -->
<testsuite hostname="LAPTOP-1UNI7991" name="com.qa.hubspot.tests.ContactsPageTest" tests="6" failures="0" timestamp="15 Mar 2020 20:04:09 GMT" time="51.539" errors="0">
  <testcase name="verifyCreateContact" time="11.276" classname="com.qa.hubspot.tests.ContactsPageTest"/>
  <testcase name="verifyCreateContact" time="11.976" classname="com.qa.hubspot.tests.ContactsPageTest"/>
  <testcase name="verifyCreateContact" time="14.339" classname="com.qa.hubspot.tests.ContactsPageTest"/>
  <testcase name="verifyContactPageTitle" time="0.047" classname="com.qa.hubspot.tests.ContactsPageTest"/>
  <testcase name="verifyContactPageHeader" time="0.040" classname="com.qa.hubspot.tests.ContactsPageTest"/>
  <testcase name="verifyCreateContact" time="13.861" classname="com.qa.hubspot.tests.ContactsPageTest"/>
</testsuite> <!-- com.qa.hubspot.tests.ContactsPageTest -->
