<?xml version="1.0" encoding="UTF-8"?>
<!-- Generated by org.testng.reporters.JUnitReportReporter -->
<testsuite hostname="LAPTOP-1UNI7991" name="com.qa.hubspot.tests.LoginPageTest" tests="11" failures="0" timestamp="25 Mar 2020 16:18:55 GMT" time="12.339" errors="0">
  <testcase name="verifyDontHaveAccountLabelTest" time="0.096" classname="com.qa.hubspot.tests.LoginPageTest"/>
  <testcase name="verifySSOLinkTest" time="0.112" classname="com.qa.hubspot.tests.LoginPageTest"/>
  <testcase name="verifyLoginPageTitleTest" time="0.025" classname="com.qa.hubspot.tests.LoginPageTest"/>
  <testcase name="verifyForgotPasswordLinkTest" time="0.089" classname="com.qa.hubspot.tests.LoginPageTest"/>
  <testcase name="verifyPasswordIsMasked" time="0.094" classname="com.qa.hubspot.tests.LoginPageTest"/>
  <testcase name="verifyShowPasswordLinkTest" time="0.413" classname="com.qa.hubspot.tests.LoginPageTest"/>
  <testcase name="verifyloginTest" time="6.089" classname="com.qa.hubspot.tests.LoginPageTest"/>
  <testcase name="verifySignInWithGoogleLinkTest" time="0.109" classname="com.qa.hubspot.tests.LoginPageTest"/>
  <testcase name="verifyHidePasswordLinkTest" time="0.211" classname="com.qa.hubspot.tests.LoginPageTest"/>
  <testcase name="verifyCopyRightInfoTest" time="0.070" classname="com.qa.hubspot.tests.LoginPageTest"/>
  <testcase name="verifySignUpLinkTest" time="5.031" classname="com.qa.hubspot.tests.LoginPageTest"/>
</testsuite> <!-- com.qa.hubspot.tests.LoginPageTest -->
