<?xml version="1.0" encoding="UTF-8"?>
<!-- Generated by org.testng.reporters.JUnitReportReporter -->
<testsuite skipped="0" hostname="LAPTOP-1UNI7991" name="com.qa.hubspot.tests.LoginPageTest" tests="11" failures="0" timestamp="20 Mar 2020 10:25:08 GMT" time="15.419" errors="0">
  <testcase name="verifySignUpLinkTest" time="6.853" classname="com.qa.hubspot.tests.LoginPageTest"/>
  <testcase name="verifyLoginPageTitleTest" time="0.053" classname="com.qa.hubspot.tests.LoginPageTest"/>
  <testcase name="verifyDontHaveAccountLabelTest" time="0.111" classname="com.qa.hubspot.tests.LoginPageTest"/>
  <testcase name="verifyForgotPasswordLinkTest" time="0.131" classname="com.qa.hubspot.tests.LoginPageTest"/>
  <testcase name="verifyPasswordIsMasked" time="0.062" classname="com.qa.hubspot.tests.LoginPageTest"/>
  <testcase name="verifySignInWithGoogleLinkTest" time="0.071" classname="com.qa.hubspot.tests.LoginPageTest"/>
  <testcase name="verifySSOLinkTest" time="0.072" classname="com.qa.hubspot.tests.LoginPageTest"/>
  <testcase name="verifyShowPasswordLinkTest" time="0.417" classname="com.qa.hubspot.tests.LoginPageTest"/>
  <testcase name="verifyHidePasswordLinkTest" time="0.184" classname="com.qa.hubspot.tests.LoginPageTest"/>
  <testcase name="verifyCopyRightInfoTest" time="0.057" classname="com.qa.hubspot.tests.LoginPageTest"/>
  <testcase name="verifyloginTest" time="7.408" classname="com.qa.hubspot.tests.LoginPageTest"/>
</testsuite> <!-- com.qa.hubspot.tests.LoginPageTest -->
