<?xml version="1.0" encoding="UTF-8"?>
<!-- Generated by org.testng.reporters.JUnitReportReporter -->
<testsuite skipped="0" hostname="LAPTOP-1UNI7991" name="com.qa.hubspot.tests.LoginPageTest" tests="11" failures="0" timestamp="20 Mar 2020 10:43:09 GMT" time="14.776" errors="0">
  <testcase name="verifySignUpLinkTest" time="5.835" classname="com.qa.hubspot.tests.LoginPageTest"/>
  <testcase name="verifyLoginPageTitleTest" time="0.032" classname="com.qa.hubspot.tests.LoginPageTest"/>
  <testcase name="verifyDontHaveAccountLabelTest" time="0.086" classname="com.qa.hubspot.tests.LoginPageTest"/>
  <testcase name="verifyForgotPasswordLinkTest" time="0.071" classname="com.qa.hubspot.tests.LoginPageTest"/>
  <testcase name="verifyPasswordIsMasked" time="0.065" classname="com.qa.hubspot.tests.LoginPageTest"/>
  <testcase name="verifySignInWithGoogleLinkTest" time="0.069" classname="com.qa.hubspot.tests.LoginPageTest"/>
  <testcase name="verifySSOLinkTest" time="0.066" classname="com.qa.hubspot.tests.LoginPageTest"/>
  <testcase name="verifyShowPasswordLinkTest" time="1.897" classname="com.qa.hubspot.tests.LoginPageTest"/>
  <testcase name="verifyHidePasswordLinkTest" time="0.284" classname="com.qa.hubspot.tests.LoginPageTest"/>
  <testcase name="verifyCopyRightInfoTest" time="0.065" classname="com.qa.hubspot.tests.LoginPageTest"/>
  <testcase name="verifyloginTest" time="6.306" classname="com.qa.hubspot.tests.LoginPageTest"/>
</testsuite> <!-- com.qa.hubspot.tests.LoginPageTest -->
